[2019-09-07 11:25:36.070] [exthost] [info] extension host started
[2019-09-07 11:25:36.397] [exthost] [info] ExtensionService#_doActivateExtension vscode.typescript-language-features {"startup":false,"activationEvent":"onLanguage:javascript"}
[2019-09-07 11:25:36.397] [exthost] [info] ExtensionService#loadCommonJSModule /usr/share/code/resources/app/extensions/typescript-language-features/dist/extension
[2019-09-07 11:25:36.947] [exthost] [info] ExtensionService#_doActivateExtension vscode.debug-auto-launch {"startup":true,"activationEvent":"*"}
[2019-09-07 11:25:36.947] [exthost] [info] ExtensionService#loadCommonJSModule /usr/share/code/resources/app/extensions/debug-auto-launch/dist/extension
[2019-09-07 11:25:36.968] [exthost] [info] ExtensionService#_doActivateExtension vscode.emmet {"startup":true,"activationEvent":"*"}
[2019-09-07 11:25:36.968] [exthost] [info] ExtensionService#loadCommonJSModule /usr/share/code/resources/app/extensions/emmet/dist/extension
[2019-09-07 11:25:37.439] [exthost] [info] ExtensionService#_doActivateExtension vscode.git {"startup":true,"activationEvent":"*"}
[2019-09-07 11:25:37.439] [exthost] [info] ExtensionService#loadCommonJSModule /usr/share/code/resources/app/extensions/git/dist/main
[2019-09-07 11:25:38.133] [exthost] [info] ExtensionService#_doActivateExtension vscode.merge-conflict {"startup":true,"activationEvent":"*"}
[2019-09-07 11:25:38.145] [exthost] [info] ExtensionService#loadCommonJSModule /usr/share/code/resources/app/extensions/merge-conflict/dist/extension
[2019-09-07 11:25:38.203] [exthost] [info] eager extensions activated
[2019-09-07 11:25:53.713] [exthost] [info] extension host started
[2019-09-07 11:25:53.777] [exthost] [info] ExtensionService#_doActivateExtension vscode.debug-auto-launch {"startup":true,"activationEvent":"*"}
[2019-09-07 11:25:53.777] [exthost] [info] ExtensionService#loadCommonJSModule /usr/share/code/resources/app/extensions/debug-auto-launch/dist/extension
[2019-09-07 11:25:53.797] [exthost] [info] ExtensionService#_doActivateExtension vscode.emmet {"startup":true,"activationEvent":"*"}
[2019-09-07 11:25:53.797] [exthost] [info] ExtensionService#loadCommonJSModule /usr/share/code/resources/app/extensions/emmet/dist/extension
[2019-09-07 11:25:54.179] [exthost] [info] ExtensionService#_doActivateExtension vscode.git {"startup":true,"activationEvent":"*"}
[2019-09-07 11:25:54.179] [exthost] [info] ExtensionService#loadCommonJSModule /usr/share/code/resources/app/extensions/git/dist/main
[2019-09-07 11:25:54.642] [exthost] [info] ExtensionService#_doActivateExtension vscode.merge-conflict {"startup":true,"activationEvent":"*"}
[2019-09-07 11:25:54.646] [exthost] [info] ExtensionService#loadCommonJSModule /usr/share/code/resources/app/extensions/merge-conflict/dist/extension
[2019-09-07 11:25:54.668] [exthost] [info] eager extensions activated
[2019-09-07 11:26:29.159] [exthost] [info] ExtensionService#_doActivateExtension vscode.css-language-features {"startup":false,"activationEvent":"onLanguage:css"}
[2019-09-07 11:26:29.163] [exthost] [info] ExtensionService#loadCommonJSModule /usr/share/code/resources/app/extensions/css-language-features/client/dist/cssMain
[2019-09-07 11:26:33.676] [exthost] [info] ExtensionService#_doActivateExtension vscode.php-language-features {"startup":false,"activationEvent":"onLanguage:php"}
[2019-09-07 11:26:33.676] [exthost] [info] ExtensionService#loadCommonJSModule /usr/share/code/resources/app/extensions/php-language-features/dist/phpMain
[2019-09-07 11:26:33.734] [exthost] [info] ExtensionService#_doActivateExtension bmewburn.vscode-intelephense-client {"startup":false,"activationEvent":"onLanguage:php"}
[2019-09-07 11:26:33.734] [exthost] [info] ExtensionService#loadCommonJSModule /home/hamster/.vscode/extensions/bmewburn.vscode-intelephense-client-1.2.3/lib/extension
[2019-09-07 11:30:24.381] [exthost] [info] ExtensionService#_doActivateExtension vscode.typescript-language-features {"startup":false,"activationEvent":"onLanguage:javascript"}
[2019-09-07 11:30:24.381] [exthost] [info] ExtensionService#loadCommonJSModule /usr/share/code/resources/app/extensions/typescript-language-features/dist/extension
[2019-09-07 11:36:52.628] [exthost] [info] ExtensionService#_doActivateExtension vscode.extension-editing {"startup":false,"activationEvent":"onLanguage:typescript"}
[2019-09-07 11:36:52.629] [exthost] [info] ExtensionService#loadCommonJSModule /usr/share/code/resources/app/extensions/extension-editing/dist/extension
[2019-09-07 11:46:38.275] [exthost] [error] [vscode.typescript-language-features] provider FAILED
[2019-09-07 11:46:38.278] [exthost] [error] Error: <semantic> TypeScript Server Error (3.5.2)
Cannot read property 'parent' of undefined
TypeError: Cannot read property 'parent' of undefined
    at Object.deleteDeclaration (tsserver.js:112665:56)
    at _loop_9 (tsserver.js:112284:47)
    at ChangeTracker.finishDeleteDeclarations (tsserver.js:112291:21)
    at ChangeTracker.getChanges (tsserver.js:112311:22)
    at Function.ChangeTracker.with (tsserver.js:111856:32)
    at Object.getCodeActions (tsserver.js:116453:68)
    at tsserver.js:112841:121
    at Object.flatMap (tsserver.js:573:25)
    at Object.getFixes (tsserver.js:112841:23)
    at tsserver.js:122417:35
    at Object.flatMap (tsserver.js:573:25)
    at Object.getCodeFixesAtPosition (tsserver.js:122415:23)
    at IOSession.Session.getCodeFixes (tsserver.js:131471:64)
    at Session.handlers.ts.createMapFromTemplate._a.(anonymous function) (tsserver.js:130221:61)
    at tsserver.js:131665:88
    at IOSession.Session.executeWithRequestId (tsserver.js:131656:28)
    at IOSession.Session.executeCommand (tsserver.js:131665:33)
    at IOSession.Session.onMessage (tsserver.js:131687:35)
    at Interface.<anonymous> (tsserver.js:132978:27)
    at Interface.emit (events.js:182:13)
    at Interface._onLine (readline.js:290:10)
    at Interface._normalWrite (readline.js:433:12)
    at Socket.ondata (readline.js:149:10)
    at Socket.emit (events.js:182:13)
    at addChunk (_stream_readable.js:283:12)
    at readableAddChunk (_stream_readable.js:264:11)
    at Socket.Readable.push (_stream_readable.js:219:10)
    at Pipe.onStreamRead [as onread] (internal/stream_base_commons.js:94:17)
	at Function.create (/usr/share/code/resources/app/extensions/typescript-language-features/dist/extension.js:53:63463)
	at h.dispatchResponse (/usr/share/code/resources/app/extensions/typescript-language-features/dist/extension.js:53:56618)
	at h.dispatchMessage (/usr/share/code/resources/app/extensions/typescript-language-features/dist/extension.js:53:55516)
	at constructor._reader.onData.e (/usr/share/code/resources/app/extensions/typescript-language-features/dist/extension.js:53:54992)
	at u.fire (/usr/share/code/resources/app/out/vs/workbench/services/extensions/node/extensionHostProcess.js:50:207)
	at t.Reader.onLengthData (/usr/share/code/resources/app/extensions/typescript-language-features/dist/extension.js:53:61683)
	at Socket.t.Reader.constructor.e.on.e (/usr/share/code/resources/app/extensions/typescript-language-features/dist/extension.js:53:61331)
	at Socket.emit (events.js:182:13)
	at addChunk (_stream_readable.js:283:12)
	at readableAddChunk (_stream_readable.js:264:11)
	at Socket.Readable.push (_stream_readable.js:219:10)
	at Pipe.onStreamRead [as onread] (internal/stream_base_commons.js:94:17)
[2019-09-07 11:46:46.481] [exthost] [error] [vscode.typescript-language-features] provider FAILED
[2019-09-07 11:46:46.482] [exthost] [error] Error: <semantic> TypeScript Server Error (3.5.2)
Cannot read property 'parent' of undefined
TypeError: Cannot read property 'parent' of undefined
    at Object.deleteDeclaration (tsserver.js:112665:56)
    at _loop_9 (tsserver.js:112284:47)
    at ChangeTracker.finishDeleteDeclarations (tsserver.js:112291:21)
    at ChangeTracker.getChanges (tsserver.js:112311:22)
    at Function.ChangeTracker.with (tsserver.js:111856:32)
    at Object.getCodeActions (tsserver.js:116453:68)
    at tsserver.js:112841:121
    at Object.flatMap (tsserver.js:573:25)
    at Object.getFixes (tsserver.js:112841:23)
    at tsserver.js:122417:35
    at Object.flatMap (tsserver.js:573:25)
    at Object.getCodeFixesAtPosition (tsserver.js:122415:23)
    at IOSession.Session.getCodeFixes (tsserver.js:131471:64)
    at Session.handlers.ts.createMapFromTemplate._a.(anonymous function) (tsserver.js:130221:61)
    at tsserver.js:131665:88
    at IOSession.Session.executeWithRequestId (tsserver.js:131656:28)
    at IOSession.Session.executeCommand (tsserver.js:131665:33)
    at IOSession.Session.onMessage (tsserver.js:131687:35)
    at Interface.<anonymous> (tsserver.js:132978:27)
    at Interface.emit (events.js:182:13)
    at Interface._onLine (readline.js:290:10)
    at Interface._normalWrite (readline.js:433:12)
    at Socket.ondata (readline.js:149:10)
    at Socket.emit (events.js:182:13)
    at addChunk (_stream_readable.js:283:12)
    at readableAddChunk (_stream_readable.js:264:11)
    at Socket.Readable.push (_stream_readable.js:219:10)
    at Pipe.onStreamRead [as onread] (internal/stream_base_commons.js:94:17)
	at Function.create (/usr/share/code/resources/app/extensions/typescript-language-features/dist/extension.js:53:63463)
	at h.dispatchResponse (/usr/share/code/resources/app/extensions/typescript-language-features/dist/extension.js:53:56618)
	at h.dispatchMessage (/usr/share/code/resources/app/extensions/typescript-language-features/dist/extension.js:53:55516)
	at constructor._reader.onData.e (/usr/share/code/resources/app/extensions/typescript-language-features/dist/extension.js:53:54992)
	at u.fire (/usr/share/code/resources/app/out/vs/workbench/services/extensions/node/extensionHostProcess.js:50:207)
	at t.Reader.onLengthData (/usr/share/code/resources/app/extensions/typescript-language-features/dist/extension.js:53:61683)
	at Socket.t.Reader.constructor.e.on.e (/usr/share/code/resources/app/extensions/typescript-language-features/dist/extension.js:53:61331)
	at Socket.emit (events.js:182:13)
	at addChunk (_stream_readable.js:283:12)
	at readableAddChunk (_stream_readable.js:264:11)
	at Socket.Readable.push (_stream_readable.js:219:10)
	at Pipe.onStreamRead [as onread] (internal/stream_base_commons.js:94:17)
[2019-09-07 11:46:51.703] [exthost] [error] [vscode.typescript-language-features] provider FAILED
[2019-09-07 11:46:51.703] [exthost] [error] Error: <semantic> TypeScript Server Error (3.5.2)
Cannot read property 'parent' of undefined
TypeError: Cannot read property 'parent' of undefined
    at Object.deleteDeclaration (tsserver.js:112665:56)
    at _loop_9 (tsserver.js:112284:47)
    at ChangeTracker.finishDeleteDeclarations (tsserver.js:112291:21)
    at ChangeTracker.getChanges (tsserver.js:112311:22)
    at Function.ChangeTracker.with (tsserver.js:111856:32)
    at Object.getCodeActions (tsserver.js:116453:68)
    at tsserver.js:112841:121
    at Object.flatMap (tsserver.js:573:25)
    at Object.getFixes (tsserver.js:112841:23)
    at tsserver.js:122417:35
    at Object.flatMap (tsserver.js:573:25)
    at Object.getCodeFixesAtPosition (tsserver.js:122415:23)
    at IOSession.Session.getCodeFixes (tsserver.js:131471:64)
    at Session.handlers.ts.createMapFromTemplate._a.(anonymous function) (tsserver.js:130221:61)
    at tsserver.js:131665:88
    at IOSession.Session.executeWithRequestId (tsserver.js:131656:28)
    at IOSession.Session.executeCommand (tsserver.js:131665:33)
    at IOSession.Session.onMessage (tsserver.js:131687:35)
    at Interface.<anonymous> (tsserver.js:132978:27)
    at Interface.emit (events.js:182:13)
    at Interface._onLine (readline.js:290:10)
    at Interface._normalWrite (readline.js:433:12)
    at Socket.ondata (readline.js:149:10)
    at Socket.emit (events.js:182:13)
    at addChunk (_stream_readable.js:283:12)
    at readableAddChunk (_stream_readable.js:264:11)
    at Socket.Readable.push (_stream_readable.js:219:10)
    at Pipe.onStreamRead [as onread] (internal/stream_base_commons.js:94:17)
	at Function.create (/usr/share/code/resources/app/extensions/typescript-language-features/dist/extension.js:53:63463)
	at h.dispatchResponse (/usr/share/code/resources/app/extensions/typescript-language-features/dist/extension.js:53:56618)
	at h.dispatchMessage (/usr/share/code/resources/app/extensions/typescript-language-features/dist/extension.js:53:55516)
	at constructor._reader.onData.e (/usr/share/code/resources/app/extensions/typescript-language-features/dist/extension.js:53:54992)
	at u.fire (/usr/share/code/resources/app/out/vs/workbench/services/extensions/node/extensionHostProcess.js:50:207)
	at t.Reader.onLengthData (/usr/share/code/resources/app/extensions/typescript-language-features/dist/extension.js:53:61683)
	at Socket.t.Reader.constructor.e.on.e (/usr/share/code/resources/app/extensions/typescript-language-features/dist/extension.js:53:61331)
	at Socket.emit (events.js:182:13)
	at addChunk (_stream_readable.js:283:12)
	at readableAddChunk (_stream_readable.js:264:11)
	at Socket.Readable.push (_stream_readable.js:219:10)
	at Pipe.onStreamRead [as onread] (internal/stream_base_commons.js:94:17)
[2019-09-07 12:36:51.746] [exthost] [info] ExtensionService#_doActivateExtension vscode.html-language-features {"startup":false,"activationEvent":"onLanguage:html"}
[2019-09-07 12:36:51.746] [exthost] [info] ExtensionService#loadCommonJSModule /usr/share/code/resources/app/extensions/html-language-features/client/dist/htmlMain
