[2019-09-07 11:46:38.281] [renderer1] [error] <semantic> TypeScript Server Error (3.5.2)
Cannot read property 'parent' of undefined
TypeError: Cannot read property 'parent' of undefined
    at Object.deleteDeclaration (tsserver.js:112665:56)
    at _loop_9 (tsserver.js:112284:47)
    at ChangeTracker.finishDeleteDeclarations (tsserver.js:112291:21)
    at ChangeTracker.getChanges (tsserver.js:112311:22)
    at Function.ChangeTracker.with (tsserver.js:111856:32)
    at Object.getCodeActions (tsserver.js:116453:68)
    at tsserver.js:112841:121
    at Object.flatMap (tsserver.js:573:25)
    at Object.getFixes (tsserver.js:112841:23)
    at tsserver.js:122417:35
    at Object.flatMap (tsserver.js:573:25)
    at Object.getCodeFixesAtPosition (tsserver.js:122415:23)
    at IOSession.Session.getCodeFixes (tsserver.js:131471:64)
    at Session.handlers.ts.createMapFromTemplate._a.(anonymous function) (tsserver.js:130221:61)
    at tsserver.js:131665:88
    at IOSession.Session.executeWithRequestId (tsserver.js:131656:28)
    at IOSession.Session.executeCommand (tsserver.js:131665:33)
    at IOSession.Session.onMessage (tsserver.js:131687:35)
    at Interface.<anonymous> (tsserver.js:132978:27)
    at Interface.emit (events.js:182:13)
    at Interface._onLine (readline.js:290:10)
    at Interface._normalWrite (readline.js:433:12)
    at Socket.ondata (readline.js:149:10)
    at Socket.emit (events.js:182:13)
    at addChunk (_stream_readable.js:283:12)
    at readableAddChunk (_stream_readable.js:264:11)
    at Socket.Readable.push (_stream_readable.js:219:10)
    at Pipe.onStreamRead [as onread] (internal/stream_base_commons.js:94:17): Error: <semantic> TypeScript Server Error (3.5.2)
Cannot read property 'parent' of undefined
TypeError: Cannot read property 'parent' of undefined
    at Object.deleteDeclaration (tsserver.js:112665:56)
    at _loop_9 (tsserver.js:112284:47)
    at ChangeTracker.finishDeleteDeclarations (tsserver.js:112291:21)
    at ChangeTracker.getChanges (tsserver.js:112311:22)
    at Function.ChangeTracker.with (tsserver.js:111856:32)
    at Object.getCodeActions (tsserver.js:116453:68)
    at tsserver.js:112841:121
    at Object.flatMap (tsserver.js:573:25)
    at Object.getFixes (tsserver.js:112841:23)
    at tsserver.js:122417:35
    at Object.flatMap (tsserver.js:573:25)
    at Object.getCodeFixesAtPosition (tsserver.js:122415:23)
    at IOSession.Session.getCodeFixes (tsserver.js:131471:64)
    at Session.handlers.ts.createMapFromTemplate._a.(anonymous function) (tsserver.js:130221:61)
    at tsserver.js:131665:88
    at IOSession.Session.executeWithRequestId (tsserver.js:131656:28)
    at IOSession.Session.executeCommand (tsserver.js:131665:33)
    at IOSession.Session.onMessage (tsserver.js:131687:35)
    at Interface.<anonymous> (tsserver.js:132978:27)
    at Interface.emit (events.js:182:13)
    at Interface._onLine (readline.js:290:10)
    at Interface._normalWrite (readline.js:433:12)
    at Socket.ondata (readline.js:149:10)
    at Socket.emit (events.js:182:13)
    at addChunk (_stream_readable.js:283:12)
    at readableAddChunk (_stream_readable.js:264:11)
    at Socket.Readable.push (_stream_readable.js:219:10)
    at Pipe.onStreamRead [as onread] (internal/stream_base_commons.js:94:17)
	at Function.create (/usr/share/code/resources/app/extensions/typescript-language-features/dist/extension.js:53:63463)
	at h.dispatchResponse (/usr/share/code/resources/app/extensions/typescript-language-features/dist/extension.js:53:56618)
	at h.dispatchMessage (/usr/share/code/resources/app/extensions/typescript-language-features/dist/extension.js:53:55516)
	at constructor._reader.onData.e (/usr/share/code/resources/app/extensions/typescript-language-features/dist/extension.js:53:54992)
	at u.fire (/usr/share/code/resources/app/out/vs/workbench/services/extensions/node/extensionHostProcess.js:50:207)
	at t.Reader.onLengthData (/usr/share/code/resources/app/extensions/typescript-language-features/dist/extension.js:53:61683)
	at Socket.t.Reader.constructor.e.on.e (/usr/share/code/resources/app/extensions/typescript-language-features/dist/extension.js:53:61331)
	at Socket.emit (events.js:182:13)
	at addChunk (_stream_readable.js:283:12)
	at readableAddChunk (_stream_readable.js:264:11)
	at Socket.Readable.push (_stream_readable.js:219:10)
	at Pipe.onStreamRead [as onread] (internal/stream_base_commons.js:94:17)
[2019-09-07 11:46:46.488] [renderer1] [error] <semantic> TypeScript Server Error (3.5.2)
Cannot read property 'parent' of undefined
TypeError: Cannot read property 'parent' of undefined
    at Object.deleteDeclaration (tsserver.js:112665:56)
    at _loop_9 (tsserver.js:112284:47)
    at ChangeTracker.finishDeleteDeclarations (tsserver.js:112291:21)
    at ChangeTracker.getChanges (tsserver.js:112311:22)
    at Function.ChangeTracker.with (tsserver.js:111856:32)
    at Object.getCodeActions (tsserver.js:116453:68)
    at tsserver.js:112841:121
    at Object.flatMap (tsserver.js:573:25)
    at Object.getFixes (tsserver.js:112841:23)
    at tsserver.js:122417:35
    at Object.flatMap (tsserver.js:573:25)
    at Object.getCodeFixesAtPosition (tsserver.js:122415:23)
    at IOSession.Session.getCodeFixes (tsserver.js:131471:64)
    at Session.handlers.ts.createMapFromTemplate._a.(anonymous function) (tsserver.js:130221:61)
    at tsserver.js:131665:88
    at IOSession.Session.executeWithRequestId (tsserver.js:131656:28)
    at IOSession.Session.executeCommand (tsserver.js:131665:33)
    at IOSession.Session.onMessage (tsserver.js:131687:35)
    at Interface.<anonymous> (tsserver.js:132978:27)
    at Interface.emit (events.js:182:13)
    at Interface._onLine (readline.js:290:10)
    at Interface._normalWrite (readline.js:433:12)
    at Socket.ondata (readline.js:149:10)
    at Socket.emit (events.js:182:13)
    at addChunk (_stream_readable.js:283:12)
    at readableAddChunk (_stream_readable.js:264:11)
    at Socket.Readable.push (_stream_readable.js:219:10)
    at Pipe.onStreamRead [as onread] (internal/stream_base_commons.js:94:17): Error: <semantic> TypeScript Server Error (3.5.2)
Cannot read property 'parent' of undefined
TypeError: Cannot read property 'parent' of undefined
    at Object.deleteDeclaration (tsserver.js:112665:56)
    at _loop_9 (tsserver.js:112284:47)
    at ChangeTracker.finishDeleteDeclarations (tsserver.js:112291:21)
    at ChangeTracker.getChanges (tsserver.js:112311:22)
    at Function.ChangeTracker.with (tsserver.js:111856:32)
    at Object.getCodeActions (tsserver.js:116453:68)
    at tsserver.js:112841:121
    at Object.flatMap (tsserver.js:573:25)
    at Object.getFixes (tsserver.js:112841:23)
    at tsserver.js:122417:35
    at Object.flatMap (tsserver.js:573:25)
    at Object.getCodeFixesAtPosition (tsserver.js:122415:23)
    at IOSession.Session.getCodeFixes (tsserver.js:131471:64)
    at Session.handlers.ts.createMapFromTemplate._a.(anonymous function) (tsserver.js:130221:61)
    at tsserver.js:131665:88
    at IOSession.Session.executeWithRequestId (tsserver.js:131656:28)
    at IOSession.Session.executeCommand (tsserver.js:131665:33)
    at IOSession.Session.onMessage (tsserver.js:131687:35)
    at Interface.<anonymous> (tsserver.js:132978:27)
    at Interface.emit (events.js:182:13)
    at Interface._onLine (readline.js:290:10)
    at Interface._normalWrite (readline.js:433:12)
    at Socket.ondata (readline.js:149:10)
    at Socket.emit (events.js:182:13)
    at addChunk (_stream_readable.js:283:12)
    at readableAddChunk (_stream_readable.js:264:11)
    at Socket.Readable.push (_stream_readable.js:219:10)
    at Pipe.onStreamRead [as onread] (internal/stream_base_commons.js:94:17)
	at Function.create (/usr/share/code/resources/app/extensions/typescript-language-features/dist/extension.js:53:63463)
	at h.dispatchResponse (/usr/share/code/resources/app/extensions/typescript-language-features/dist/extension.js:53:56618)
	at h.dispatchMessage (/usr/share/code/resources/app/extensions/typescript-language-features/dist/extension.js:53:55516)
	at constructor._reader.onData.e (/usr/share/code/resources/app/extensions/typescript-language-features/dist/extension.js:53:54992)
	at u.fire (/usr/share/code/resources/app/out/vs/workbench/services/extensions/node/extensionHostProcess.js:50:207)
	at t.Reader.onLengthData (/usr/share/code/resources/app/extensions/typescript-language-features/dist/extension.js:53:61683)
	at Socket.t.Reader.constructor.e.on.e (/usr/share/code/resources/app/extensions/typescript-language-features/dist/extension.js:53:61331)
	at Socket.emit (events.js:182:13)
	at addChunk (_stream_readable.js:283:12)
	at readableAddChunk (_stream_readable.js:264:11)
	at Socket.Readable.push (_stream_readable.js:219:10)
	at Pipe.onStreamRead [as onread] (internal/stream_base_commons.js:94:17)
[2019-09-07 11:46:51.704] [renderer1] [error] <semantic> TypeScript Server Error (3.5.2)
Cannot read property 'parent' of undefined
TypeError: Cannot read property 'parent' of undefined
    at Object.deleteDeclaration (tsserver.js:112665:56)
    at _loop_9 (tsserver.js:112284:47)
    at ChangeTracker.finishDeleteDeclarations (tsserver.js:112291:21)
    at ChangeTracker.getChanges (tsserver.js:112311:22)
    at Function.ChangeTracker.with (tsserver.js:111856:32)
    at Object.getCodeActions (tsserver.js:116453:68)
    at tsserver.js:112841:121
    at Object.flatMap (tsserver.js:573:25)
    at Object.getFixes (tsserver.js:112841:23)
    at tsserver.js:122417:35
    at Object.flatMap (tsserver.js:573:25)
    at Object.getCodeFixesAtPosition (tsserver.js:122415:23)
    at IOSession.Session.getCodeFixes (tsserver.js:131471:64)
    at Session.handlers.ts.createMapFromTemplate._a.(anonymous function) (tsserver.js:130221:61)
    at tsserver.js:131665:88
    at IOSession.Session.executeWithRequestId (tsserver.js:131656:28)
    at IOSession.Session.executeCommand (tsserver.js:131665:33)
    at IOSession.Session.onMessage (tsserver.js:131687:35)
    at Interface.<anonymous> (tsserver.js:132978:27)
    at Interface.emit (events.js:182:13)
    at Interface._onLine (readline.js:290:10)
    at Interface._normalWrite (readline.js:433:12)
    at Socket.ondata (readline.js:149:10)
    at Socket.emit (events.js:182:13)
    at addChunk (_stream_readable.js:283:12)
    at readableAddChunk (_stream_readable.js:264:11)
    at Socket.Readable.push (_stream_readable.js:219:10)
    at Pipe.onStreamRead [as onread] (internal/stream_base_commons.js:94:17): Error: <semantic> TypeScript Server Error (3.5.2)
Cannot read property 'parent' of undefined
TypeError: Cannot read property 'parent' of undefined
    at Object.deleteDeclaration (tsserver.js:112665:56)
    at _loop_9 (tsserver.js:112284:47)
    at ChangeTracker.finishDeleteDeclarations (tsserver.js:112291:21)
    at ChangeTracker.getChanges (tsserver.js:112311:22)
    at Function.ChangeTracker.with (tsserver.js:111856:32)
    at Object.getCodeActions (tsserver.js:116453:68)
    at tsserver.js:112841:121
    at Object.flatMap (tsserver.js:573:25)
    at Object.getFixes (tsserver.js:112841:23)
    at tsserver.js:122417:35
    at Object.flatMap (tsserver.js:573:25)
    at Object.getCodeFixesAtPosition (tsserver.js:122415:23)
    at IOSession.Session.getCodeFixes (tsserver.js:131471:64)
    at Session.handlers.ts.createMapFromTemplate._a.(anonymous function) (tsserver.js:130221:61)
    at tsserver.js:131665:88
    at IOSession.Session.executeWithRequestId (tsserver.js:131656:28)
    at IOSession.Session.executeCommand (tsserver.js:131665:33)
    at IOSession.Session.onMessage (tsserver.js:131687:35)
    at Interface.<anonymous> (tsserver.js:132978:27)
    at Interface.emit (events.js:182:13)
    at Interface._onLine (readline.js:290:10)
    at Interface._normalWrite (readline.js:433:12)
    at Socket.ondata (readline.js:149:10)
    at Socket.emit (events.js:182:13)
    at addChunk (_stream_readable.js:283:12)
    at readableAddChunk (_stream_readable.js:264:11)
    at Socket.Readable.push (_stream_readable.js:219:10)
    at Pipe.onStreamRead [as onread] (internal/stream_base_commons.js:94:17)
	at Function.create (/usr/share/code/resources/app/extensions/typescript-language-features/dist/extension.js:53:63463)
	at h.dispatchResponse (/usr/share/code/resources/app/extensions/typescript-language-features/dist/extension.js:53:56618)
	at h.dispatchMessage (/usr/share/code/resources/app/extensions/typescript-language-features/dist/extension.js:53:55516)
	at constructor._reader.onData.e (/usr/share/code/resources/app/extensions/typescript-language-features/dist/extension.js:53:54992)
	at u.fire (/usr/share/code/resources/app/out/vs/workbench/services/extensions/node/extensionHostProcess.js:50:207)
	at t.Reader.onLengthData (/usr/share/code/resources/app/extensions/typescript-language-features/dist/extension.js:53:61683)
	at Socket.t.Reader.constructor.e.on.e (/usr/share/code/resources/app/extensions/typescript-language-features/dist/extension.js:53:61331)
	at Socket.emit (events.js:182:13)
	at addChunk (_stream_readable.js:283:12)
	at readableAddChunk (_stream_readable.js:264:11)
	at Socket.Readable.push (_stream_readable.js:219:10)
	at Pipe.onStreamRead [as onread] (internal/stream_base_commons.js:94:17)
[2019-09-07 12:44:55.714] [renderer1] [error] Data tree node not found: [object Object]: Error: Data tree node not found: [object Object]
    at X.getDataNode (file:///usr/share/code/resources/app/out/vs/workbench/workbench.main.js:978:433)
    at X.reveal (file:///usr/share/code/resources/app/out/vs/workbench/workbench.main.js:978:23)
    at e.<anonymous> (file:///usr/share/code/resources/app/out/vs/workbench/workbench.main.js:5553:604)
    at Generator.next (<anonymous>)
    at r (file:///usr/share/code/resources/app/out/vs/workbench/workbench.main.js:35:293)
